<?xml version="1.0" encoding="UTF-8"?>
<!-- Generated by org.testng.reporters.JUnitXMLReporter -->
<testsuite ignored="2" hostname="LAPTOP-NH67TDS8" failures="0" tests="0" name="ChromeBrowserTest" time="7.545" errors="0" timestamp="2025-09-17T12:54:00 IST">
  <testcase classname="com.SeleniumProject.seleniumdemo.PlaceOrderTest" name="validplaceyourorder" time="0.0">
    <ignored/>
  </testcase> <!-- validplaceyourorder -->
  <testcase classname="com.SeleniumProject.seleniumdemo.PlaceOrderTest" name="requiredmessageerror" time="0.0">
    <ignored/>
  </testcase> <!-- requiredmessageerror -->
</testsuite> <!-- ChromeBrowserTest -->
