<?xml version="1.0" encoding="UTF-8"?>
<!-- Generated by org.testng.reporters.JUnitReportReporter -->
<testsuite hostname="LAPTOP-NH67TDS8" failures="0" tests="5" name="com.SeleniumProject.seleniumdemo.AddToCartTest" time="0.000" errors="0" timestamp="2026-03-10T22:51:41 IST" skipped="5">
  <testcase classname="com.SeleniumProject.seleniumdemo.AddToCartTest" name="listmonitor" time="0.000">
    <skipped/>
  </testcase> <!-- listmonitor -->
  <testcase classname="com.SeleniumProject.seleniumdemo.AddToCartTest" name="listlaptop" time="0.000">
    <skipped/>
  </testcase> <!-- listlaptop -->
  <testcase classname="com.SeleniumProject.seleniumdemo.AddToCartTest" name="selectcatagory" time="0.000">
    <skipped/>
  </testcase> <!-- selectcatagory -->
  <testcase classname="com.SeleniumProject.seleniumdemo.AddToCartTest" name="addtocart" time="0.000">
    <skipped/>
  </testcase> <!-- addtocart -->
  <testcase classname="com.SeleniumProject.seleniumdemo.AddToCartTest" name="clicknextpage" time="0.000">
    <skipped/>
  </testcase> <!-- clicknextpage -->
</testsuite> <!-- com.SeleniumProject.seleniumdemo.AddToCartTest -->
